  main.cpp
d:\users\dropbox\gui_c++\glupe_kocke\pozadina\main.cpp(13): warning C4244: 'initializing': conversion from 'double' to 'float', possible loss of data
d:\users\dropbox\gui_c++\glupe_kocke\pozadina\main.cpp(33): warning C4244: 'argument': conversion from 'int' to 'float', possible loss of data
d:\users\dropbox\gui_c++\glupe_kocke\pozadina\main.cpp(41): warning C4244: 'argument': conversion from 'time_t' to 'unsigned int', possible loss of data
d:\users\dropbox\gui_c++\glupe_kocke\pozadina\main.cpp(44): warning C4244: 'argument': conversion from 'float' to 'unsigned int', possible loss of data
d:\users\dropbox\gui_c++\glupe_kocke\pozadina\main.cpp(50): warning C4305: 'argument': truncation from 'double' to 'float'
d:\users\dropbox\gui_c++\glupe_kocke\pozadina\main.cpp(77): warning C4244: 'argument': conversion from 'double' to 'float', possible loss of data
d:\users\dropbox\gui_c++\glupe_kocke\pozadina\main.cpp(89): warning C4244: 'argument': conversion from 'int' to 'float', possible loss of data
d:\users\dropbox\gui_c++\glupe_kocke\pozadina\main.cpp(96): warning C4244: 'argument': conversion from 'int' to 'float', possible loss of data
d:\users\dropbox\gui_c++\glupe_kocke\pozadina\main.cpp(103): warning C4244: 'argument': conversion from 'int' to 'float', possible loss of data
d:\users\dropbox\gui_c++\glupe_kocke\pozadina\main.cpp(110): warning C4244: 'argument': conversion from 'int' to 'float', possible loss of data
d:\users\dropbox\gui_c++\glupe_kocke\pozadina\main.cpp(341): warning C4244: 'argument': conversion from 'double' to 'float', possible loss of data
d:\users\dropbox\gui_c++\glupe_kocke\pozadina\main.cpp(356): warning C4244: 'argument': conversion from 'double' to 'float', possible loss of data
d:\users\dropbox\gui_c++\glupe_kocke\pozadina\main.cpp(371): warning C4244: 'argument': conversion from 'double' to 'float', possible loss of data
d:\users\dropbox\gui_c++\glupe_kocke\pozadina\main.cpp(397): warning C4244: '=': conversion from 'double' to 'float', possible loss of data
d:\users\dropbox\gui_c++\glupe_kocke\pozadina\main.cpp(425): warning C4244: 'argument': conversion from 'int' to 'float', possible loss of data
d:\users\dropbox\gui_c++\glupe_kocke\pozadina\main.cpp(432): warning C4244: 'argument': conversion from 'int' to 'float', possible loss of data
d:\users\dropbox\gui_c++\glupe_kocke\pozadina\main.cpp(439): warning C4244: 'argument': conversion from 'int' to 'float', possible loss of data
d:\users\dropbox\gui_c++\glupe_kocke\pozadina\main.cpp(446): warning C4244: 'argument': conversion from 'int' to 'float', possible loss of data
d:\users\dropbox\gui_c++\glupe_kocke\pozadina\main.cpp(465): warning C4244: 'argument': conversion from 'int' to 'float', possible loss of data
d:\users\dropbox\gui_c++\glupe_kocke\pozadina\main.cpp(472): warning C4244: 'argument': conversion from 'int' to 'float', possible loss of data
d:\users\dropbox\gui_c++\glupe_kocke\pozadina\main.cpp(479): warning C4244: 'argument': conversion from 'int' to 'float', possible loss of data
d:\users\dropbox\gui_c++\glupe_kocke\pozadina\main.cpp(486): warning C4244: 'argument': conversion from 'int' to 'float', possible loss of data
d:\users\dropbox\gui_c++\glupe_kocke\pozadina\main.cpp(506): warning C4244: 'argument': conversion from 'int' to 'float', possible loss of data
d:\users\dropbox\gui_c++\glupe_kocke\pozadina\main.cpp(513): warning C4244: 'argument': conversion from 'int' to 'float', possible loss of data
d:\users\dropbox\gui_c++\glupe_kocke\pozadina\main.cpp(520): warning C4244: 'argument': conversion from 'int' to 'float', possible loss of data
d:\users\dropbox\gui_c++\glupe_kocke\pozadina\main.cpp(527): warning C4244: 'argument': conversion from 'int' to 'float', possible loss of data
d:\users\dropbox\gui_c++\glupe_kocke\pozadina\main.cpp(539): warning C4244: 'argument': conversion from 'double' to 'float', possible loss of data
d:\users\dropbox\gui_c++\glupe_kocke\pozadina\main.cpp(563): warning C4244: 'argument': conversion from 'int' to 'float', possible loss of data
d:\users\dropbox\gui_c++\glupe_kocke\pozadina\main.cpp(577): warning C4244: 'argument': conversion from 'int' to 'float', possible loss of data
d:\users\dropbox\gui_c++\glupe_kocke\pozadina\main.cpp(605): warning C4305: '+=': truncation from 'double' to 'float'
d:\users\dropbox\gui_c++\glupe_kocke\pozadina\main.cpp(632): warning C4244: '=': conversion from 'float' to 'int', possible loss of data
d:\users\dropbox\gui_c++\glupe_kocke\pozadina\main.cpp(123): warning C4996: 'sf::Text::setColor': was declared deprecated
  d:\users\dropbox\gui_c++\sfml-2.4.2\include\sfml\graphics\text.hpp(177): note: see declaration of 'sf::Text::setColor'
d:\users\dropbox\gui_c++\glupe_kocke\pozadina\main.cpp(129): warning C4996: 'sf::Text::setColor': was declared deprecated
  d:\users\dropbox\gui_c++\sfml-2.4.2\include\sfml\graphics\text.hpp(177): note: see declaration of 'sf::Text::setColor'
d:\users\dropbox\gui_c++\glupe_kocke\pozadina\main.cpp(136): warning C4996: 'sf::Text::setColor': was declared deprecated
  d:\users\dropbox\gui_c++\sfml-2.4.2\include\sfml\graphics\text.hpp(177): note: see declaration of 'sf::Text::setColor'
d:\users\dropbox\gui_c++\glupe_kocke\pozadina\main.cpp(146): warning C4996: 'sf::Text::setColor': was declared deprecated
  d:\users\dropbox\gui_c++\sfml-2.4.2\include\sfml\graphics\text.hpp(177): note: see declaration of 'sf::Text::setColor'
d:\users\dropbox\gui_c++\glupe_kocke\pozadina\main.cpp(156): warning C4996: 'sf::Text::setColor': was declared deprecated
  d:\users\dropbox\gui_c++\sfml-2.4.2\include\sfml\graphics\text.hpp(177): note: see declaration of 'sf::Text::setColor'
d:\users\dropbox\gui_c++\glupe_kocke\pozadina\main.cpp(166): warning C4996: 'sf::Text::setColor': was declared deprecated
  d:\users\dropbox\gui_c++\sfml-2.4.2\include\sfml\graphics\text.hpp(177): note: see declaration of 'sf::Text::setColor'
d:\users\dropbox\gui_c++\glupe_kocke\pozadina\main.cpp(176): warning C4996: 'sf::Text::setColor': was declared deprecated
  d:\users\dropbox\gui_c++\sfml-2.4.2\include\sfml\graphics\text.hpp(177): note: see declaration of 'sf::Text::setColor'
d:\users\dropbox\gui_c++\glupe_kocke\pozadina\main.cpp(185): warning C4996: 'sf::Text::setColor': was declared deprecated
  d:\users\dropbox\gui_c++\sfml-2.4.2\include\sfml\graphics\text.hpp(177): note: see declaration of 'sf::Text::setColor'
d:\users\dropbox\gui_c++\glupe_kocke\pozadina\main.cpp(194): warning C4996: 'sf::Text::setColor': was declared deprecated
  d:\users\dropbox\gui_c++\sfml-2.4.2\include\sfml\graphics\text.hpp(177): note: see declaration of 'sf::Text::setColor'
d:\users\dropbox\gui_c++\glupe_kocke\pozadina\main.cpp(203): warning C4996: 'sf::Text::setColor': was declared deprecated
  d:\users\dropbox\gui_c++\sfml-2.4.2\include\sfml\graphics\text.hpp(177): note: see declaration of 'sf::Text::setColor'
d:\users\dropbox\gui_c++\glupe_kocke\pozadina\main.cpp(212): warning C4996: 'sf::Text::setColor': was declared deprecated
  d:\users\dropbox\gui_c++\sfml-2.4.2\include\sfml\graphics\text.hpp(177): note: see declaration of 'sf::Text::setColor'
d:\users\dropbox\gui_c++\glupe_kocke\pozadina\main.cpp(221): warning C4996: 'sf::Text::setColor': was declared deprecated
  d:\users\dropbox\gui_c++\sfml-2.4.2\include\sfml\graphics\text.hpp(177): note: see declaration of 'sf::Text::setColor'
d:\users\dropbox\gui_c++\glupe_kocke\pozadina\main.cpp(231): warning C4996: 'sf::Text::setColor': was declared deprecated
  d:\users\dropbox\gui_c++\sfml-2.4.2\include\sfml\graphics\text.hpp(177): note: see declaration of 'sf::Text::setColor'
d:\users\dropbox\gui_c++\glupe_kocke\pozadina\main.cpp(241): warning C4996: 'sf::Text::setColor': was declared deprecated
  d:\users\dropbox\gui_c++\sfml-2.4.2\include\sfml\graphics\text.hpp(177): note: see declaration of 'sf::Text::setColor'
d:\users\dropbox\gui_c++\glupe_kocke\pozadina\main.cpp(264): warning C4996: 'sf::Text::setColor': was declared deprecated
  d:\users\dropbox\gui_c++\sfml-2.4.2\include\sfml\graphics\text.hpp(177): note: see declaration of 'sf::Text::setColor'
  pozadina.vcxproj -> D:\Users\Dropbox\GUI_c++\glupe_kocke\Debug\glupe_kocke.exe
  pozadina.vcxproj -> D:\Users\Dropbox\GUI_c++\glupe_kocke\Debug\glupe_kocke.pdb (Partial PDB)
